<?xml version="1.0" encoding="UTF-8"?>
<robot generated="20150609 03:16:38.412" generator="Robot 2.8.7 (Python 2.7.9 on win32)">
<kw type="kw" name="Selenium2Library.Capture Page Screenshot">
<doc>Takes a screenshot of the current page and embeds it into the log.</doc>
<arguments>
</arguments>
<msg timestamp="20150609 03:16:38.529" level="FAIL">No browser is open</msg>
<status status="FAIL" endtime="20150609 03:16:38.529" starttime="20150609 03:16:38.526"></status>
</kw>
<suite source="C:\workspace\MyFirstGitHub\YahooTest\TS-Login.txt" id="s1" name="TS-Login">
<test id="s1-t1" name="User should able to login with valid credential">
<kw type="kw" name="GlobalResource.Launch Home Page">
<doc></doc>
<arguments>
</arguments>
<kw type="kw" name="Selenium2Library.Open Browser">
<doc>Opens a new browser instance to given URL.</doc>
<arguments>
<arg>${HOMEPAGE_URL}</arg>
</arguments>
<msg timestamp="20150609 03:16:38.535" level="INFO">Opening browser 'firefox' to base url 'https://login.yahoo.com'</msg>
<status status="PASS" endtime="20150609 03:16:54.190" starttime="20150609 03:16:38.535"></status>
</kw>
<kw type="kw" name="Selenium2Library.Maximize Browser Window">
<doc>Maximizes current browser window.</doc>
<arguments>
</arguments>
<status status="PASS" endtime="20150609 03:16:55.637" starttime="20150609 03:16:54.191"></status>
</kw>
<status status="PASS" endtime="20150609 03:16:55.638" starttime="20150609 03:16:38.534"></status>
</kw>
<kw type="kw" name="Login with valid credential">
<doc></doc>
<arguments>
<arg>${USERNAME}</arg>
<arg>${PASSWORD}</arg>
<arg>True</arg>
</arguments>
<msg timestamp="20150609 03:16:55.645" level="FAIL">No keyword with name 'Login with valid credential' found.</msg>
<status status="FAIL" endtime="20150609 03:16:55.645" starttime="20150609 03:16:55.645"></status>
</kw>
<doc></doc>
<tags>
</tags>
<status status="FAIL" endtime="20150609 03:16:55.645" critical="yes" starttime="20150609 03:16:38.533">No keyword with name 'Login with valid credential' found.</status>
</test>
<doc></doc>
<metadata>
</metadata>
<status status="FAIL" endtime="20150609 03:16:55.647" starttime="20150609 03:16:38.412"></status>
</suite>
<statistics>
<total>
<stat fail="1" pass="0">Critical Tests</stat>
<stat fail="1" pass="0">All Tests</stat>
</total>
<tag>
</tag>
<suite>
<stat fail="1" pass="0" id="s1" name="TS-Login">TS-Login</stat>
</suite>
</statistics>
<errors>
<msg timestamp="20150609 03:16:38.529" level="WARN">Keyword 'Capture Page Screenshot' could not be run on failure: No browser is open</msg>
<msg timestamp="20150609 03:16:38.530" level="ERROR">Error in file 'C:\workspace\MyFirstGitHub\YahooTest\TS-Login.txt': Initializing test library 'Login' with no arguments failed: No browser is open
Traceback (most recent call last):
  File "C:\workspace\MyFirstGitHub\src\pages\Login.py", line 13, in __init__
    _title = self._seleniumLib.get_title()
  File "&lt;string&gt;", line 2, in get_title
  File "C:\Python27\Lib\site-packages\Selenium2Library\keywords\keywordgroup.py", line 12, in _run_on_failure_decorator
    return method(*args, **kwargs)
  File "C:\Python27\Lib\site-packages\Selenium2Library\keywords\_browsermanagement.py", line 316, in get_title
    return self._current_browser().get_title()
  File "C:\Python27\Lib\site-packages\Selenium2Library\keywords\_browsermanagement.py", line 477, in _current_browser
    raise RuntimeError('No browser is open')</msg>
</errors>
</robot>
